<?xml version="1.0" encoding="UTF-8"?>
<testng-results ignored="0" total="5" passed="4" failed="1" skipped="0">
  <reporter-output>
  </reporter-output>
  <suite started-at="2025-05-21T18:44:55 IST" name="Default suite" finished-at="2025-05-21T18:44:59 IST" duration-ms="4917">
    <groups>
    </groups>
    <test started-at="2025-05-21T18:44:55 IST" name="Default test" finished-at="2025-05-21T18:44:59 IST" duration-ms="4917">
      <class name="Testing.To_DoAutomationTask2.TodoTest">
        <test-method is-config="true" signature="setup()[pri:0, instance:Testing.To_DoAutomationTask2.TodoTest@338fc1d8]" started-at="2025-05-21T18:44:55 IST" name="setup" finished-at="2025-05-21T18:44:58 IST" duration-ms="3036" status="PASS">
          <reporter-output>
          </reporter-output>
        </test-method> <!-- setup -->
        <test-method signature="failExample()[pri:0, instance:Testing.To_DoAutomationTask2.TodoTest@338fc1d8]" started-at="2025-05-21T18:44:58 IST" name="failExample" finished-at="2025-05-21T18:44:58 IST" duration-ms="48" status="FAIL">
          <exception class="java.lang.NullPointerException">
            <message>
              <![CDATA[Cannot invoke "com.aventstack.extentreports.ExtentTest.info(String)" because "this.test" is null]]>
            </message>
            <full-stacktrace>
              <![CDATA[java.lang.NullPointerException: Cannot invoke "com.aventstack.extentreports.ExtentTest.info(String)" because "this.test" is null
at Testing.To_DoAutomationTask2.TodoTest.failExample(TodoTest.java:73)
at java.base/jdk.internal.reflect.NativeMethodAccessorImpl.invoke0(Native Method)
at java.base/jdk.internal.reflect.NativeMethodAccessorImpl.invoke(NativeMethodAccessorImpl.java:77)
at java.base/jdk.internal.reflect.DelegatingMethodAccessorImpl.invoke(DelegatingMethodAccessorImpl.java:43)
at java.base/java.lang.reflect.Method.invoke(Method.java:568)
at org.testng.internal.MethodInvocationHelper.invokeMethod(MethodInvocationHelper.java:133)
at org.testng.internal.TestInvoker.invokeMethod(TestInvoker.java:598)
at org.testng.internal.TestInvoker.invokeTestMethod(TestInvoker.java:173)
at org.testng.internal.MethodRunner.runInSequence(MethodRunner.java:46)
at org.testng.internal.TestInvoker$MethodInvocationAgent.invoke(TestInvoker.java:824)
at org.testng.internal.TestInvoker.invokeTestMethods(TestInvoker.java:146)
at org.testng.internal.TestMethodWorker.invokeTestMethods(TestMethodWorker.java:146)
at org.testng.internal.TestMethodWorker.run(TestMethodWorker.java:128)
at java.base/java.util.ArrayList.forEach(ArrayList.java:1511)
at org.testng.TestRunner.privateRun(TestRunner.java:794)
at org.testng.TestRunner.run(TestRunner.java:596)
at org.testng.SuiteRunner.runTest(SuiteRunner.java:377)
at org.testng.SuiteRunner.runSequentially(SuiteRunner.java:371)
at org.testng.SuiteRunner.privateRun(SuiteRunner.java:332)
at org.testng.SuiteRunner.run(SuiteRunner.java:276)
at org.testng.SuiteRunnerWorker.runSuite(SuiteRunnerWorker.java:53)
at org.testng.SuiteRunnerWorker.run(SuiteRunnerWorker.java:96)
at org.testng.TestNG.runSuitesSequentially(TestNG.java:1212)
at org.testng.TestNG.runSuitesLocally(TestNG.java:1134)
at org.testng.TestNG.runSuites(TestNG.java:1063)
at org.testng.TestNG.run(TestNG.java:1031)
at org.testng.remote.AbstractRemoteTestNG.run(AbstractRemoteTestNG.java:115)
at org.testng.remote.RemoteTestNG.initAndRun(RemoteTestNG.java:293)
at org.testng.remote.RemoteTestNG.main(RemoteTestNG.java:91)
]]>
            </full-stacktrace>
          </exception> <!-- java.lang.NullPointerException -->
          <reporter-output>
          </reporter-output>
        </test-method> <!-- failExample -->
        <test-method signature="myTest()[pri:0, instance:Testing.To_DoAutomationTask2.TodoTest@338fc1d8]" started-at="2025-05-21T18:44:58 IST" name="myTest" finished-at="2025-05-21T18:44:58 IST" duration-ms="14" status="PASS">
          <reporter-output>
          </reporter-output>
        </test-method> <!-- myTest -->
        <test-method signature="addTasks()[pri:1, instance:Testing.To_DoAutomationTask2.TodoTest@338fc1d8]" started-at="2025-05-21T18:44:58 IST" name="addTasks" finished-at="2025-05-21T18:44:58 IST" duration-ms="545" status="PASS">
          <reporter-output>
          </reporter-output>
        </test-method> <!-- addTasks -->
        <test-method signature="completeSecondTask()[pri:2, instance:Testing.To_DoAutomationTask2.TodoTest@338fc1d8]" started-at="2025-05-21T18:44:58 IST" name="completeSecondTask" finished-at="2025-05-21T18:44:58 IST" duration-ms="111" status="PASS">
          <reporter-output>
          </reporter-output>
        </test-method> <!-- completeSecondTask -->
        <test-method signature="deleteFirstTask()[pri:3, instance:Testing.To_DoAutomationTask2.TodoTest@338fc1d8]" started-at="2025-05-21T18:44:58 IST" name="deleteFirstTask" finished-at="2025-05-21T18:44:59 IST" duration-ms="291" status="PASS">
          <reporter-output>
          </reporter-output>
        </test-method> <!-- deleteFirstTask -->
        <test-method is-config="true" signature="teardown()[pri:0, instance:Testing.To_DoAutomationTask2.TodoTest@338fc1d8]" started-at="2025-05-21T18:44:59 IST" name="teardown" finished-at="2025-05-21T18:44:59 IST" duration-ms="732" status="PASS">
          <reporter-output>
          </reporter-output>
        </test-method> <!-- teardown -->
      </class> <!-- Testing.To_DoAutomationTask2.TodoTest -->
    </test> <!-- Default test -->
  </suite> <!-- Default suite -->
</testng-results>
