<?xml version="1.0" encoding="UTF-8"?>
<testng-results ignored="0" total="1" passed="1" failed="0" skipped="0">
  <reporter-output>
  </reporter-output>
  <suite started-at="2025-05-21T19:03:08 IST" name="Default suite" finished-at="2025-05-21T19:03:34 IST" duration-ms="26556">
    <groups>
    </groups>
    <test started-at="2025-05-21T19:03:08 IST" name="Default test" finished-at="2025-05-21T19:03:34 IST" duration-ms="26556">
      <class name="Automation.GoogleMapsTest.GoogleMapsTest">
        <test-method is-config="true" signature="setup()[pri:0, instance:Automation.GoogleMapsTest.GoogleMapsTest@304bb45b]" started-at="2025-05-21T19:03:08 IST" name="setup" finished-at="2025-05-21T19:03:10 IST" duration-ms="2049" status="PASS">
          <reporter-output>
          </reporter-output>
        </test-method> <!-- setup -->
        <test-method signature="testGoogleMapsFeatures()[pri:0, instance:Automation.GoogleMapsTest.GoogleMapsTest@304bb45b]" started-at="2025-05-21T19:03:10 IST" name="testGoogleMapsFeatures" finished-at="2025-05-21T19:03:34 IST" duration-ms="24009" status="PASS">
          <reporter-output>
          </reporter-output>
        </test-method> <!-- testGoogleMapsFeatures -->
        <test-method is-config="true" signature="tearDown()[pri:0, instance:Automation.GoogleMapsTest.GoogleMapsTest@304bb45b]" started-at="2025-05-21T19:03:34 IST" name="tearDown" finished-at="2025-05-21T19:03:34 IST" duration-ms="390" status="PASS">
          <reporter-output>
          </reporter-output>
        </test-method> <!-- tearDown -->
      </class> <!-- Automation.GoogleMapsTest.GoogleMapsTest -->
    </test> <!-- Default test -->
  </suite> <!-- Default suite -->
</testng-results>
